<?xml version="1.0" encoding="UTF-8"?>
<!-- Generated by org.testng.reporters.JUnitReportReporter -->
<testsuite hostname="L-357009218" failures="0" tests="1" name="TestCaseWithinGroups.EasyCallLogin" time="0.024" errors="0" timestamp="2023-05-12T10:26:58 IST" skipped="0">
  <testcase classname="TestCaseWithinGroups.EasyCallLogin" name="EasyCalculaAdminLogin" time="0.024"/>
  <system-out/>
</testsuite> <!-- TestCaseWithinGroups.EasyCallLogin -->
