<?xml version="1.0" encoding="UTF-8"?>
<!-- Generated by org.testng.reporters.JUnitReportReporter -->
<testsuite hostname="L-357009218" failures="0" tests="3" name="TestCaseWithinGroups.DemoOpenCartLogin" time="0.032" errors="0" timestamp="2023-05-12T10:25:40 IST" skipped="0">
  <testcase classname="TestCaseWithinGroups.DemoOpenCartLogin" name="DemoOpenCartLogin" time="0.005"/>
  <system-out/>
  <testcase classname="TestCaseWithinGroups.DemoOpenCartLogin" name="DemoOpenEmployeeLogin" time="0.003"/>
  <system-out/>
  <testcase classname="TestCaseWithinGroups.DemoOpenCartLogin" name="DemoOpenAdminLogin" time="0.024"/>
  <system-out/>
</testsuite> <!-- TestCaseWithinGroups.DemoOpenCartLogin -->
